# JRE version: OpenJDK Runtime Environment (17.0.6) (build 17.0.6+0-b2043.56-10027231)
# Java VM: OpenJDK 64-Bit Server VM (17.0.6+0-b2043.56-10027231, mixed mode, tiered, compressed oops, compressed class ptrs, g1 gc, windows-amd64)
GC Precious Log:
 CPUs: 16 total, 16 available
 Memory: 16110M
 Large Page Support: Disabled
 NUMA Support: Disabled
 Compressed Oops: Enabled (32-bit)
 Heap Region Size: 1M
 Heap Min Capacity: 8M
 Heap Initial Capacity: 252M
 Heap Max Capacity: 1536M
 Pre-touch: Disabled
 Parallel Workers: 13
 Concurrent Workers: 3
 Concurrent Refinement Workers: 13
 Periodic GC: Disabled
Heap:
 garbage-first heap   total 311296K, used 196142K [0x00000000a0000000, 0x0000000100000000)
  region size 1024K, 30 young (30720K), 6 survivors (6144K)
 Metaspace       used 108662K, committed 109952K, reserved 1146880K
  class space    used 14943K, committed 15488K, reserved 1048576K
GC Heap History (20 events):
Event: 24.578 GC heap before
{Heap before GC invocations=64 (full 0):
 garbage-first heap   total 209920K, used 174349K [0x00000000a0000000, 0x0000000100000000)
  region size 1024K, 45 young (46080K), 2 survivors (2048K)
 Metaspace       used 96619K, committed 97664K, reserved 1138688K
  class space    used 13219K, committed 13632K, reserved 1048576K
}
Event: 24.582 GC heap after
{Heap after GC invocations=65 (full 0):
 garbage-first heap   total 209920K, used 141595K [0x00000000a0000000, 0x0000000100000000)
  region size 1024K, 6 young (6144K), 6 survivors (6144K)
 Metaspace       used 96619K, committed 97664K, reserved 1138688K
  class space    used 13219K, committed 13632K, reserved 1048576K
}
Event: 24.899 GC heap before
{Heap before GC invocations=65 (full 0):
 garbage-first heap   total 209920K, used 171291K [0x00000000a0000000, 0x0000000100000000)
  region size 1024K, 35 young (35840K), 6 survivors (6144K)
 Metaspace       used 99829K, committed 100864K, reserved 1138688K
  class space    used 13734K, committed 14144K, reserved 1048576K
}
Event: 24.904 GC heap after
{Heap after GC invocations=66 (full 0):
 garbage-first heap   total 209920K, used 144066K [0x00000000a0000000, 0x0000000100000000)
  region size 1024K, 2 young (2048K), 2 survivors (2048K)
 Metaspace       used 99829K, committed 100864K, reserved 1138688K
  class space    used 13734K, committed 14144K, reserved 1048576K
}
Event: 25.180 GC heap before
{Heap before GC invocations=66 (full 0):
 garbage-first heap   total 209920K, used 172738K [0x00000000a0000000, 0x0000000100000000)
  region size 1024K, 31 young (31744K), 2 survivors (2048K)
 Metaspace       used 103331K, committed 104384K, reserved 1138688K
  class space    used 14150K, committed 14592K, reserved 1048576K
}
Event: 25.183 GC heap after
{Heap after GC invocations=67 (full 0):
 garbage-first heap   total 209920K, used 146840K [0x00000000a0000000, 0x0000000100000000)
  region size 1024K, 4 young (4096K), 4 survivors (4096K)
 Metaspace       used 103331K, committed 104384K, reserved 1138688K
  class space    used 14150K, committed 14592K, reserved 1048576K
}
Event: 25.350 GC heap before
{Heap before GC invocations=67 (full 0):
 garbage-first heap   total 209920K, used 175512K [0x00000000a0000000, 0x0000000100000000)
  region size 1024K, 32 young (32768K), 4 survivors (4096K)
 Metaspace       used 104353K, committed 105408K, reserved 1146880K
  class space    used 14264K, committed 14720K, reserved 1048576K
}
Event: 25.365 GC heap after
{Heap after GC invocations=68 (full 0):
 garbage-first heap   total 209920K, used 152164K [0x00000000a0000000, 0x0000000100000000)
  region size 1024K, 4 young (4096K), 4 survivors (4096K)
 Metaspace       used 104353K, committed 105408K, reserved 1146880K
  class space    used 14264K, committed 14720K, reserved 1048576K
}
Event: 25.527 GC heap before
{Heap before GC invocations=68 (full 0):
 garbage-first heap   total 209920K, used 176740K [0x00000000a0000000, 0x0000000100000000)
  region size 1024K, 28 young (28672K), 4 survivors (4096K)
 Metaspace       used 104721K, committed 105856K, reserved 1146880K
  class space    used 14306K, committed 14784K, reserved 1048576K
}
Event: 25.532 GC heap after
{Heap after GC invocations=69 (full 0):
 garbage-first heap   total 209920K, used 160017K [0x00000000a0000000, 0x0000000100000000)
  region size 1024K, 4 young (4096K), 4 survivors (4096K)
 Metaspace       used 104721K, committed 105856K, reserved 1146880K
  class space    used 14306K, committed 14784K, reserved 1048576K
}
Event: 25.646 GC heap before
{Heap before GC invocations=69 (full 0):
 garbage-first heap   total 209920K, used 176401K [0x00000000a0000000, 0x0000000100000000)
  region size 1024K, 20 young (20480K), 4 survivors (4096K)
 Metaspace       used 105035K, committed 106176K, reserved 1146880K
  class space    used 14348K, committed 14784K, reserved 1048576K
}
Event: 25.650 GC heap after
{Heap after GC invocations=70 (full 0):
 garbage-first heap   total 209920K, used 164004K [0x00000000a0000000, 0x0000000100000000)
  region size 1024K, 3 young (3072K), 3 survivors (3072K)
 Metaspace       used 105035K, committed 106176K, reserved 1146880K
  class space    used 14348K, committed 14784K, reserved 1048576K
}
Event: 25.752 GC heap before
{Heap before GC invocations=70 (full 0):
 garbage-first heap   total 209920K, used 178340K [0x00000000a0000000, 0x0000000100000000)
  region size 1024K, 17 young (17408K), 3 survivors (3072K)
 Metaspace       used 105304K, committed 106496K, reserved 1146880K
  class space    used 14381K, committed 14848K, reserved 1048576K
}
Event: 25.756 GC heap after
{Heap after GC invocations=71 (full 0):
 garbage-first heap   total 311296K, used 167015K [0x00000000a0000000, 0x0000000100000000)
  region size 1024K, 3 young (3072K), 3 survivors (3072K)
 Metaspace       used 105304K, committed 106496K, reserved 1146880K
  class space    used 14381K, committed 14848K, reserved 1048576K
}
Event: 26.210 GC heap before
{Heap before GC invocations=71 (full 0):
 garbage-first heap   total 311296K, used 240743K [0x00000000a0000000, 0x0000000100000000)
  region size 1024K, 74 young (75776K), 3 survivors (3072K)
 Metaspace       used 106335K, committed 107520K, reserved 1146880K
  class space    used 14553K, committed 15040K, reserved 1048576K
}
Event: 26.214 GC heap after
{Heap after GC invocations=72 (full 0):
 garbage-first heap   total 311296K, used 172679K [0x00000000a0000000, 0x0000000100000000)
  region size 1024K, 7 young (7168K), 7 survivors (7168K)
 Metaspace       used 106335K, committed 107520K, reserved 1146880K
  class space    used 14553K, committed 15040K, reserved 1048576K
}
Event: 26.303 GC heap before
{Heap before GC invocations=72 (full 0):
 garbage-first heap   total 311296K, used 246407K [0x00000000a0000000, 0x0000000100000000)
  region size 1024K, 79 young (80896K), 7 survivors (7168K)
 Metaspace       used 106336K, committed 107520K, reserved 1146880K
  class space    used 14553K, committed 15040K, reserved 1048576K
}
Event: 26.307 GC heap after
{Heap after GC invocations=73 (full 0):
 garbage-first heap   total 311296K, used 173815K [0x00000000a0000000, 0x0000000100000000)
  region size 1024K, 5 young (5120K), 5 survivors (5120K)
 Metaspace       used 106336K, committed 107520K, reserved 1146880K
  class space    used 14553K, committed 15040K, reserved 1048576K
}
Event: 333.127 GC heap before
{Heap before GC invocations=73 (full 0):
 garbage-first heap   total 311296K, used 254711K [0x00000000a0000000, 0x0000000100000000)
  region size 1024K, 84 young (86016K), 5 survivors (5120K)
 Metaspace       used 108618K, committed 109888K, reserved 1146880K
  class space    used 14939K, committed 15488K, reserved 1048576K
}
Event: 333.144 GC heap after
{Heap after GC invocations=74 (full 0):
 garbage-first heap   total 311296K, used 172590K [0x00000000a0000000, 0x0000000100000000)
  region size 1024K, 6 young (6144K), 6 survivors (6144K)
 Metaspace       used 108618K, committed 109888K, reserved 1146880K
  class space    used 14939K, committed 15488K, reserved 1048576K
}

